{
"contracts/Raffle.sol":{"l":{"72":3,"73":3,"74":3,"75":3,"76":3,"77":3,"78":3,"79":3,"84":5,"85":1,"87":4,"88":1,"90":3,"93":3,"104":1,"105":1,"106":1,"107":1,"108":1,"109":1,"115":1,"116":1,"117":0,"123":1,"124":1,"131":1,"142":0,"143":0,"144":0,"145":0,"146":0,"147":0,"148":0,"149":0,"150":0,"153":0,"158":0,"162":2,"166":5,"170":1,"174":0,"178":5},"path":"/Users/a4lab2/Documents/web3/hardhat/lottery/contracts/Raffle.sol","s":{"1":5,"2":4,"3":3,"4":3,"5":1,"6":1,"7":1,"8":1,"9":1,"10":1,"11":1,"12":1,"13":1,"14":0,"15":0,"16":0,"17":0,"18":0,"19":0,"20":2,"21":5,"22":1,"23":0,"24":5},"b":{"1":[1,4],"2":[1,3],"3":[0,1],"4":[0,0]},"f":{"1":3,"2":5,"3":1,"4":1,"5":0,"6":0,"7":2,"8":5,"9":1,"10":0,"11":5},"fnMap":{"1":{"name":"constructor","line":71,"loc":{"start":{"line":64,"column":4},"end":{"line":80,"column":4}}},"2":{"name":"enterRaffle","line":82,"loc":{"start":{"line":82,"column":4},"end":{"line":94,"column":4}}},"3":{"name":"checkUpkeep","line":96,"loc":{"start":{"line":96,"column":4},"end":{"line":110,"column":4}}},"4":{"name":"performUpkeep","line":114,"loc":{"start":{"line":114,"column":4},"end":{"line":135,"column":4}}},"5":{"name":"fulfillRandomWords","line":137,"loc":{"start":{"line":137,"column":4},"end":{"line":154,"column":4}}},"6":{"name":"getRecentWinner","line":157,"loc":{"start":{"line":157,"column":4},"end":{"line":159,"column":4}}},"7":{"name":"getPlayer","line":161,"loc":{"start":{"line":161,"column":4},"end":{"line":163,"column":4}}},"8":{"name":"getEntranceFee","line":165,"loc":{"start":{"line":165,"column":4},"end":{"line":167,"column":4}}},"9":{"name":"getRaffleState","line":169,"loc":{"start":{"line":169,"column":4},"end":{"line":171,"column":4}}},"10":{"name":"getPlayersNum","line":173,"loc":{"start":{"line":173,"column":4},"end":{"line":175,"column":4}}},"11":{"name":"getInterval","line":177,"loc":{"start":{"line":177,"column":4},"end":{"line":179,"column":4}}}},"statementMap":{"1":{"start":{"line":84,"column":8},"end":{"line":84,"column":2636}},"2":{"start":{"line":87,"column":8},"end":{"line":87,"column":2737}},"3":{"start":{"line":90,"column":8},"end":{"line":90,"column":42}},"4":{"start":{"line":93,"column":8},"end":{"line":93,"column":36}},"5":{"start":{"line":104,"column":8},"end":{"line":104,"column":57}},"6":{"start":{"line":105,"column":8},"end":{"line":105,"column":74}},"7":{"start":{"line":106,"column":8},"end":{"line":106,"column":48}},"8":{"start":{"line":107,"column":8},"end":{"line":107,"column":51}},"9":{"start":{"line":109,"column":8},"end":{"line":109,"column":37}},"10":{"start":{"line":115,"column":8},"end":{"line":115,"column":47}},"11":{"start":{"line":116,"column":8},"end":{"line":116,"column":3724}},"12":{"start":{"line":124,"column":8},"end":{"line":124,"column":3984}},"13":{"start":{"line":131,"column":8},"end":{"line":131,"column":43}},"14":{"start":{"line":142,"column":8},"end":{"line":142,"column":65}},"15":{"start":{"line":143,"column":8},"end":{"line":143,"column":63}},"16":{"start":{"line":148,"column":8},"end":{"line":148,"column":78}},"17":{"start":{"line":149,"column":8},"end":{"line":149,"column":4921}},"18":{"start":{"line":153,"column":8},"end":{"line":153,"column":39}},"19":{"start":{"line":158,"column":8},"end":{"line":158,"column":29}},"20":{"start":{"line":162,"column":8},"end":{"line":162,"column":29}},"21":{"start":{"line":166,"column":8},"end":{"line":166,"column":28}},"22":{"start":{"line":170,"column":8},"end":{"line":170,"column":28}},"23":{"start":{"line":174,"column":8},"end":{"line":174,"column":31}},"24":{"start":{"line":178,"column":8},"end":{"line":178,"column":25}}},"branchMap":{"1":{"line":84,"type":"if","locations":[{"start":{"line":84,"column":8},"end":{"line":84,"column":8}},{"start":{"line":84,"column":8},"end":{"line":84,"column":8}}]},"2":{"line":87,"type":"if","locations":[{"start":{"line":87,"column":8},"end":{"line":87,"column":8}},{"start":{"line":87,"column":8},"end":{"line":87,"column":8}}]},"3":{"line":116,"type":"if","locations":[{"start":{"line":116,"column":8},"end":{"line":116,"column":8}},{"start":{"line":116,"column":8},"end":{"line":116,"column":8}}]},"4":{"line":149,"type":"if","locations":[{"start":{"line":149,"column":8},"end":{"line":149,"column":8}},{"start":{"line":149,"column":8},"end":{"line":149,"column":8}}]}}},
"contracts/test/VRFCoordinatorV2Mock.sol":{"l":{},"path":"/Users/a4lab2/Documents/web3/hardhat/lottery/contracts/test/VRFCoordinatorV2Mock.sol","s":{},"b":{},"f":{},"fnMap":{},"statementMap":{},"branchMap":{}}}
