TN:
SF:/Users/a4lab2/Documents/web3/hardhat/lottery/contracts/Raffle.sol
FN:71,constructor
FN:82,enterRaffle
FN:96,checkUpkeep
FN:114,performUpkeep
FN:137,fulfillRandomWords
FN:157,getRecentWinner
FN:161,getPlayer
FN:165,getEntranceFee
FN:169,getRaffleState
FN:173,getPlayersNum
FN:177,getInterval
FNF:11
FNH:8
FNDA:3,constructor
FNDA:5,enterRaffle
FNDA:1,checkUpkeep
FNDA:1,performUpkeep
FNDA:0,fulfillRandomWords
FNDA:0,getRecentWinner
FNDA:2,getPlayer
FNDA:5,getEntranceFee
FNDA:1,getRaffleState
FNDA:0,getPlayersNum
FNDA:5,getInterval
DA:72,3
DA:73,3
DA:74,3
DA:75,3
DA:76,3
DA:77,3
DA:78,3
DA:79,3
DA:84,5
DA:85,1
DA:87,4
DA:88,1
DA:90,3
DA:93,3
DA:104,1
DA:105,1
DA:106,1
DA:107,1
DA:108,1
DA:109,1
DA:115,1
DA:116,1
DA:117,0
DA:123,1
DA:124,1
DA:131,1
DA:142,0
DA:143,0
DA:144,0
DA:145,0
DA:146,0
DA:147,0
DA:148,0
DA:149,0
DA:150,0
DA:153,0
DA:158,0
DA:162,2
DA:166,5
DA:170,1
DA:174,0
DA:178,5
LF:42
LH:29
BRDA:84,1,0,1
BRDA:84,1,1,4
BRDA:87,2,0,1
BRDA:87,2,1,3
BRDA:116,3,0,0
BRDA:116,3,1,1
BRDA:149,4,0,0
BRDA:149,4,1,0
BRF:8
BRH:5
end_of_record
TN:
SF:/Users/a4lab2/Documents/web3/hardhat/lottery/contracts/test/VRFCoordinatorV2Mock.sol
FNF:0
FNH:0
LF:0
LH:0
BRF:0
BRH:0
end_of_record
